<?xml version="1.0" encoding="UTF-8"?>
<!-- Generated by org.testng.reporters.JUnitReportReporter -->
<testsuite hostname="Dell-PC" name="org.ramesh.aug2nd.NewTest" tests="2" failures="0" timestamp="26 Oct 2017 15:23:15 GMT" time="24.549" errors="0">
  <testcase name="addEmployee" time="10.264" classname="org.ramesh.aug2nd.NewTest"/>
  <testcase name="login" time="14.285" classname="org.ramesh.aug2nd.NewTest"/>
</testsuite> <!-- org.ramesh.aug2nd.NewTest -->
